[15:14:53] [ServerMain/INFO]: Environment: Environment[sessionHost=https://sessionserver.mojang.com, servicesHost=https://api.minecraftservices.com, name=PROD]
[15:14:54] [ServerMain/INFO]: No existing world data, creating new world
[15:14:54] [ServerMain/INFO]: Loaded 1290 recipes
[15:14:54] [ServerMain/INFO]: Loaded 1399 advancements
[15:14:55] [Server thread/INFO]: Starting minecraft server version 1.21.1
[15:14:55] [Server thread/INFO]: Loading properties
[15:14:55] [Server thread/INFO]: Default game type: SURVIVAL
[15:14:55] [Server thread/INFO]: Generating keypair
[15:14:55] [Server thread/INFO]: Starting Minecraft server on *:25565
[15:14:55] [Server thread/INFO]: Using epoll channel type
[15:14:55] [Server thread/WARN]: **** SERVER IS RUNNING IN OFFLINE/INSECURE MODE!
[15:14:55] [Server thread/WARN]: The server will make no attempt to authenticate usernames. Beware.
[15:14:55] [Server thread/WARN]: While this makes the game possible to play without internet access, it also opens up the ability for hackers to connect with any username they choose.
[15:14:55] [Server thread/WARN]: To change this, set "online-mode" to "true" in the server.properties file.
[15:14:55] [Server thread/INFO]: Preparing level "world"
[15:15:02] [Server thread/INFO]: Preparing start region for dimension minecraft:overworld
[15:15:02] [Worker-Main-2/INFO]: Preparing spawn area: 2%
[15:15:02] [Worker-Main-3/INFO]: Preparing spawn area: 2%
[15:15:03] [Worker-Main-3/INFO]: Preparing spawn area: 2%
[15:15:03] [Worker-Main-2/INFO]: Preparing spawn area: 2%
[15:15:04] [Worker-Main-1/INFO]: Preparing spawn area: 6%
[15:15:04] [Worker-Main-2/INFO]: Preparing spawn area: 18%
[15:15:05] [Worker-Main-2/INFO]: Preparing spawn area: 18%
[15:15:05] [Worker-Main-2/INFO]: Preparing spawn area: 48%
[15:15:06] [Worker-Main-1/INFO]: Preparing spawn area: 51%
[15:15:06] [Worker-Main-2/INFO]: Preparing spawn area: 51%
[15:15:07] [Server thread/INFO]: Time elapsed: 4946 ms
[15:15:07] [Server thread/INFO]: Done (11.433s)! For help, type "help"
[15:15:17] [Server thread/INFO]: iMathias1[/127.186.220.132:47799] logged in with entity id 25 at (-50.5, 78.0, -21.5)
[15:15:17] [Server thread/INFO]: iMathias1 joined the game
[15:16:12] [Server thread/INFO]: iAnderson1[/127.186.220.132:47895] logged in with entity id 468 at (-57.5, 75.0, -6.5)
[15:16:12] [Server thread/INFO]: iAnderson1 joined the game
[15:16:45] [Server thread/INFO]: iAnderson1 was doomed to fall by iMathias1
[15:17:23] [Server thread/INFO]: iMathias1 lost connection: Disconnected
[15:17:23] [Server thread/INFO]: iMathias1 left the game
[15:18:17] [Server thread/INFO]: iAnderson1 drowned
[15:18:45] [Server thread/INFO]: iMathias1[/127.186.220.132:41945] logged in with entity id 1135 at (-60.872773898280585, 80.0, -23.620678478789905)
[15:18:45] [Server thread/INFO]: iMathias1 joined the game
[15:19:39] [Server thread/INFO]: iMathias1 has made the advancement [Stone Age]
[15:20:48] [Server thread/INFO]: iMathias1 has made the advancement [Getting an Upgrade]
[15:20:51] [Server thread/INFO]: iMathias1 lost connection: Disconnected
[15:20:51] [Server thread/INFO]: iMathias1 left the game
[15:21:15] [Server thread/INFO]: iAnderson1 lost connection: Disconnected
[15:21:15] [Server thread/INFO]: iAnderson1 left the game
[16:57:20] [Server thread/INFO]: iAnderson1[/127.186.220.132:38569] logged in with entity id 1640 at (-33.44738806599429, 75.0, -54.211387131613165)
[16:57:20] [Server thread/INFO]: iAnderson1 joined the game
[16:57:20] [Server thread/INFO]: iAnderson1 lost connection: Disconnected
[16:57:20] [Server thread/INFO]: iAnderson1 left the game
[17:02:03] [Server thread/INFO]: iMathias1[/127.186.220.132:37059] logged in with entity id 1776 at (-91.42163484944167, 96.0, -12.697425379617437)
[17:02:03] [Server thread/INFO]: iMathias1 joined the game
[17:02:27] [Server thread/INFO]: iMathias1 lost connection: Disconnected
[17:02:27] [Server thread/INFO]: iMathias1 left the game
[17:04:10] [Server thread/INFO]: iMathias1[/127.186.220.132:47565] logged in with entity id 2110 at (-115.46469380895395, 96.0, 0.5556920763247204)
[17:04:10] [Server thread/INFO]: iMathias1 joined the game
[17:04:22] [Server thread/INFO]: iAnderson1[/127.186.220.132:47823] logged in with entity id 2362 at (-33.44738806599429, 75.0, -54.211387131613165)
[17:04:22] [Server thread/INFO]: iAnderson1 joined the game
[17:04:34] [Server thread/INFO]: IloveStiven_[/127.114.176.51:54447] logged in with entity id 2512 at (-41.5, 78.0, -20.5)
[17:04:34] [Server thread/INFO]: IloveStiven_ joined the game
[17:05:05] [Server thread/INFO]: iAnderson1 was slain by IloveStiven_
[17:05:08] [Server thread/INFO]: [Not Secure] <IloveStiven_> XDDD
[17:05:15] [Server thread/INFO]: Made iMathias1 a server operator
[17:05:17] [Server thread/INFO]: [iMathias1: Set own game mode to Creative Mode]
[17:05:23] [Server thread/INFO]: [iMathias1: Teleported 3 entities to iMathias1]
[17:05:25] [Server thread/INFO]: [iMathias1: The difficulty has been set to Hard]
[17:05:27] [Server thread/INFO]: [iMathias1: Set the time to 1000]
[17:05:31] [Server thread/INFO]: [iMathias1: Set iAnderson1's game mode to Creative Mode]
[17:05:35] [Server thread/INFO]: [iMathias1: Set IloveStiven_'s game mode to Creative Mode]
[17:05:44] [Server thread/INFO]: iMathias1 has completed the challenge [Cover Me in Debris]
[17:05:58] [Server thread/INFO]: IloveStiven_ has completed the challenge [Cover Me in Debris]
[17:05:59] [Server thread/INFO]: [iMathias1: Applied enchantment Sharpness V to iMathias1's item]
[17:06:07] [Server thread/INFO]: iAnderson1 has completed the challenge [Cover Me in Debris]
[17:06:09] [Server thread/INFO]: [iMathias1: Applied enchantment Protection IV to iMathias1's item]
[17:06:09] [Server thread/INFO]: [iMathias1: Applied enchantment Protection IV to iMathias1's item]
[17:06:11] [Server thread/INFO]: [iMathias1: Applied enchantment Protection IV to iMathias1's item]
[17:06:12] [Server thread/INFO]: [iMathias1: Applied enchantment Protection IV to iMathias1's item]
[17:06:15] [Server thread/INFO]: [iMathias1: Applied enchantment Unbreaking III to iMathias1's item]
[17:06:16] [Server thread/INFO]: [iMathias1: Applied enchantment Unbreaking III to iMathias1's item]
[17:06:17] [Server thread/INFO]: [iMathias1: Applied enchantment Unbreaking III to iMathias1's item]
[17:06:17] [Server thread/INFO]: [iMathias1: Applied enchantment Unbreaking III to iMathias1's item]
[17:06:37] [Server thread/INFO]: IloveStiven_ has made the advancement [Who Needs Rockets?]
[17:06:39] [Server thread/INFO]: iAnderson1 has made the advancement [Ice Bucket Challenge]
[17:08:00] [Server thread/INFO]: [iMathias1: Set own game mode to Survival Mode]
[17:08:00] [Server thread/INFO]: [iMathias1: Set IloveStiven_'s game mode to Survival Mode]
[17:08:00] [Server thread/INFO]: [iMathias1: Set iAnderson1's game mode to Survival Mode]
[17:08:03] [Server thread/INFO]: [iMathias1: Teleported 3 entities to iMathias1]
[17:08:15] [Server thread/INFO]: iAnderson1 has reached the goal [Postmortal]
[17:08:34] [Server thread/INFO]: IloveStiven_ was slain by iMathias1
[17:08:37] [Server thread/INFO]: [iMathias1: Set own game mode to Creative Mode]
[17:08:43] [Server thread/INFO]: [iMathias1: Removed 364 item(s) from 3 players]
[17:08:45] [Server thread/INFO]: iAnderson1 was blown up by iAnderson1
[17:09:52] [Server thread/INFO]: IloveStiven_ was slain by iMathias1
[17:10:01] [Server thread/INFO]: [iMathias1: Set iAnderson1's game mode to Creative Mode]
[17:10:01] [Server thread/INFO]: [iMathias1: Set IloveStiven_'s game mode to Creative Mode]
[17:10:35] [Server thread/INFO]: [iMathias1: Set spawn point to -121, 64, 194 [0.0] in minecraft:overworld for 3 players]
[17:10:37] [Server thread/INFO]: [iMathias1: Teleported 3 entities to iMathias1]
[17:11:36] [Server thread/INFO]: [iMathias1: Set own game mode to Survival Mode]
[17:13:02] [Server thread/INFO]: [iMathias1: Removed 1 item(s) from player IloveStiven_]
[17:13:07] [Server thread/INFO]: [iMathias1: Set own game mode to Creative Mode]
[17:13:13] [Server thread/INFO]: [iMathias1: Set own game mode to Survival Mode]
[17:13:58] [Server thread/INFO]: [iMathias1: Applied effect Strength to iAnderson1]
[17:14:02] [Server thread/INFO]: [iMathias1: Set iAnderson1's game mode to Survival Mode]
[17:14:02] [Server thread/INFO]: [iMathias1: Set IloveStiven_'s game mode to Survival Mode]
[17:14:04] [Server thread/INFO]: IloveStiven_ has reached the goal [Postmortal]
[17:15:05] [Server thread/INFO]: [iMathias1: Applied effect Strength to iAnderson1]
[17:15:38] [Server thread/INFO]: [iMathias1: Set the time to 1000]
[17:16:07] [Server thread/INFO]: iAnderson1 was slain by IloveStiven_
[17:17:08] [Server thread/INFO]: [iMathias1: Applied effect Strength to iMathias1]
[17:17:21] [Server thread/INFO]: IloveStiven_ was slain by iMathias1
[17:17:26] [Server thread/INFO]: [iMathias1: Removed 220 item(s) from 3 players]
[17:17:30] [Server thread/INFO]: [iMathias1: Removed 139 item(s) from 3 players]
[17:17:35] [Server thread/INFO]: [iMathias1: Set own game mode to Creative Mode]
[17:17:35] [Server thread/INFO]: [iMathias1: Set iAnderson1's game mode to Creative Mode]
[17:17:35] [Server thread/INFO]: [iMathias1: Set IloveStiven_'s game mode to Creative Mode]
[17:18:26] [Server thread/INFO]: iAnderson1 has reached the goal [Sky's the Limit]
[17:18:52] [Server thread/INFO]: [iMathias1: Removed 350 item(s) from 3 players]
[17:18:57] [Server thread/INFO]: [iMathias1: Set own game mode to Survival Mode]
[17:18:57] [Server thread/INFO]: [iMathias1: Set iAnderson1's game mode to Survival Mode]
[17:18:57] [Server thread/INFO]: [iMathias1: Set IloveStiven_'s game mode to Survival Mode]
[17:19:33] [Server thread/INFO]: [iMathias1: Removed every effect from 3 targets]
[17:19:37] [Server thread/INFO]: [iMathias1: Gave 1 [Totem of Undying] to iAnderson1]
[17:20:12] [Server thread/INFO]: [iMathias1: The difficulty has been set to Peaceful]
[17:20:14] [Server thread/INFO]: [iMathias1: The difficulty has been set to Hard]
[17:20:47] [Server thread/INFO]: IloveStiven_ was slain by iMathias1
[17:20:56] [Server thread/INFO]: [iMathias1: Set IloveStiven_'s game mode to Spectator Mode]
[17:21:23] [Server thread/INFO]: [iMathias1: Removed 7 item(s) from player iAnderson1]
[17:21:50] [Server thread/INFO]: iAnderson1 was slain by iMathias1
[17:21:59] [Server thread/INFO]: [iMathias1: Removed 215 item(s) from 3 players]
[17:22:40] [Server thread/INFO]: iMathias1 lost connection: Disconnected
[17:22:40] [Server thread/INFO]: iMathias1 left the game
[17:22:46] [Server thread/INFO]: IloveStiven_ lost connection: Disconnected
[17:22:46] [Server thread/INFO]: IloveStiven_ left the game
[17:22:59] [Server thread/INFO]: iAnderson1 lost connection: Disconnected
[17:22:59] [Server thread/INFO]: iAnderson1 left the game
[17:23:00] [Server thread/INFO]: iMathias1[/127.186.220.132:37033] logged in with entity id 6884 at (-110.60854676779974, 64.0, 215.85197534439118)
[17:23:00] [Server thread/INFO]: iMathias1 joined the game
[17:23:04] [Server thread/INFO]: iMathias1 lost connection: Disconnected
[17:23:04] [Server thread/INFO]: iMathias1 left the game
